<?xml version="1.0" encoding="UTF-8"?>
<!-- Generated by org.testng.reporters.JUnitReportReporter -->
<testsuite skipped="0" hostname="KrunalShahs-MacBook-Pro.local" name="selenium_first_automation.encodedpassword" tests="1" failures="0" timestamp="05 Oct 2018 23:09:51 GMT" time="0.043" errors="0">
  <testcase name="encodepassword" time="0.043" classname="selenium_first_automation.encodedpassword"/>
</testsuite> <!-- selenium_first_automation.encodedpassword -->
